#
# A fatal error has been detected by the Java Runtime Environment:
#
#  EXCEPTION_ACCESS_VIOLATION (0xc0000005) at pc=0x6189757e, pid=15232, tid=0x00000390
#
# JRE version: Java(TM) SE Runtime Environment (8.0_191-b12) (build 1.8.0_191-b12)
# Java VM: Java HotSpot(TM) Client VM (25.191-b12 mixed mode windows-x86 )
# Problematic frame:
# V  [jvm.dll+0xe757e]
#
# Failed to write core dump. Minidumps are not enabled by default on client versions of Windows
#
# If you would like to submit a bug report, please visit:
#   http://bugreport.java.com/bugreport/crash.jsp
#

---------------  T H R E A D  ---------------

Current thread (0x29613400):  JavaThread "EventThread COM3" [_thread_in_vm, id=912, stack(0x266d0000,0x26720000)]

siginfo: ExceptionCode=0xc0000005, reading address 0x00000000

Registers:
EAX=0x00000000, EBX=0x009868b8, ECX=0x29613400, EDX=0x0000009f
ESP=0x2671269c, EBP=0x267126b8, ESI=0x00000000, EDI=0x29613400
EIP=0x6189757e, EFLAGS=0x00010246

Top of Stack: (sp=0x2671269c)
0x2671269c:   267126d4 29613540 009868b8 29613400
0x267126ac:   274b228c 0000009f 61a95568 2671f838
0x267126bc:   6400183d 29613540 00000000 00000000
0x267126cc:   0000d120 267126d4 53534150 0a0d4445
0x267126dc:   4e0a0d30 5020544f 45535341 300a0d44
0x267126ec:   4f4e0a0d 41502054 44455353 0d300a0d
0x267126fc:   544f4e0a 53415020 0d444553 0a0d300a
0x2671270c:   20544f4e 53534150 0a0d4445 4e0a0d30 

Instructions: (pc=0x6189757e)
0x6189755e:   c4 08 83 7f 04 00 89 7d f0 c7 45 f4 00 00 00 00
0x6189756e:   74 08 8d 4d f0 e8 e8 34 0c 00 8b 75 10 8b 45 0c
0x6189757e:   8b 10 85 f6 78 32 8b 45 14 85 c0 78 2b 8d 0c 06
0x6189758e:   3b 4a 08 77 23 85 c0 7e 3b 8b 4a 04 8b 49 04 83 


Register to memory mapping:

EAX=0x00000000 is an unknown value
EBX=0x009868b8 is an unknown value
ECX=0x29613400 is a thread
EDX=0x0000009f is an unknown value
ESP=0x2671269c is pointing into the stack for thread: 0x29613400
EBP=0x267126b8 is pointing into the stack for thread: 0x29613400
ESI=0x00000000 is an unknown value
EDI=0x29613400 is a thread


Stack: [0x266d0000,0x26720000],  sp=0x2671269c,  free space=265k
Native frames: (J=compiled Java code, j=interpreted, Vv=VM code, C=native code)
V  [jvm.dll+0xe757e]
C  [jSSC-2.8_x86.dll+0x183d]
J 5484  jssc.SerialNativeInterface.readBytes(JI)[B (0 bytes) @ 0x0273a0e5 [0x0273a050+0x95]
J 5620% C1 jssc.SerialPort$EventThread.run()V (84 bytes) @ 0x028bd84c [0x028bd5c0+0x28c]
v  ~StubRoutines::call_stub
V  [jvm.dll+0x15c315]
V  [jvm.dll+0x223ece]
V  [jvm.dll+0x15c3ae]
V  [jvm.dll+0x15c536]
V  [jvm.dll+0x15c5a7]
V  [jvm.dll+0x1002ef]
V  [jvm.dll+0x17f550]
V  [jvm.dll+0x17fdca]
V  [jvm.dll+0x1c57a6]
C  [msvcr100.dll+0x5c556]
C  [msvcr100.dll+0x5c600]
C  [KERNEL32.DLL+0x16359]
C  [ntdll.dll+0x68944]
C  [ntdll.dll+0x68914]
C  0x00000000

Java frames: (J=compiled Java code, j=interpreted, Vv=VM code)
J 5484  jssc.SerialNativeInterface.readBytes(JI)[B (0 bytes) @ 0x0273a0a1 [0x0273a050+0x51]
J 5620% C1 jssc.SerialPort$EventThread.run()V (84 bytes) @ 0x028bd84c [0x028bd5c0+0x28c]
v  ~StubRoutines::call_stub

---------------  P R O C E S S  ---------------

Java Threads: ( => current thread )
=>0x29613400 JavaThread "EventThread COM3" [_thread_in_vm, id=912, stack(0x266d0000,0x26720000)]
  0x29615800 JavaThread "DestroyJavaVM" [_thread_blocked, id=5728, stack(0x00990000,0x009e0000)]
  0x29614800 JavaThread "TimerQueue" daemon [_thread_blocked, id=11628, stack(0x2ab10000,0x2ab60000)]
  0x29618000 JavaThread "AWT-EventQueue-0" [_thread_blocked, id=3156, stack(0x2a540000,0x2a590000)]
  0x279a3800 JavaThread "AWT-Shutdown" [_thread_blocked, id=14188, stack(0x271b0000,0x27200000)]
  0x279a2400 JavaThread "Batik CleanerThread" daemon [_thread_blocked, id=14500, stack(0x28f90000,0x28fe0000)]
  0x279a2000 JavaThread "JmDNS(DESKTOP-9NP90T6-mshome-net.local.).State.Timer" [_thread_blocked, id=11812, stack(0x29150000,0x291a0000)]
  0x279a0000 JavaThread "JmDNS(DESKTOP-9NP90T6-mshome-net.local.).Timer" daemon [_thread_blocked, id=1908, stack(0x290c0000,0x29110000)]
  0x279a1800 JavaThread "SocketListener(DESKTOP-9NP90T6-mshome-net.local.)" daemon [_thread_in_native, id=7268, stack(0x29030000,0x29080000)]
  0x279a3000 JavaThread "JmDNS(DESKTOP-9NP90T6.local.).State.Timer" [_thread_blocked, id=14692, stack(0x28f00000,0x28f50000)]
  0x279a1400 JavaThread "JmDNS(DESKTOP-9NP90T6.local.).Timer" daemon [_thread_blocked, id=8184, stack(0x28e70000,0x28ec0000)]
  0x279a0c00 JavaThread "SocketListener(DESKTOP-9NP90T6.local.)" daemon [_thread_in_native, id=12136, stack(0x28cb0000,0x28d00000)]
  0x278c7c00 JavaThread "JmDNS(DESKTOP-9NP90T6.local.).State.Timer" [_thread_blocked, id=9276, stack(0x289b0000,0x28a00000)]
  0x278c7400 JavaThread "JmDNS(DESKTOP-9NP90T6.local.).Timer" daemon [_thread_blocked, id=508, stack(0x28920000,0x28970000)]
  0x278c4400 JavaThread "SocketListener(DESKTOP-9NP90T6.local.)" daemon [_thread_blocked, id=5384, stack(0x28890000,0x288e0000)]
  0x25e45400 JavaThread "Multihomed mDNS.Timer" daemon [_thread_blocked, id=1080, stack(0x26500000,0x26550000)]
  0x25e44400 JavaThread "cc.arduino.packages.discoverers.serial.SerialDiscovery" [_thread_blocked, id=8384, stack(0x27250000,0x272a0000)]
  0x2602c000 JavaThread "AWT-Windows" daemon [_thread_blocked, id=9716, stack(0x26590000,0x265e0000)]
  0x2602a800 JavaThread "Java2D Disposer" daemon [_thread_blocked, id=12988, stack(0x26470000,0x264c0000)]
  0x257a7800 JavaThread "Service Thread" daemon [_thread_blocked, id=14276, stack(0x25c90000,0x25ce0000)]
  0x25781000 JavaThread "C1 CompilerThread0" daemon [_thread_blocked, id=12512, stack(0x25c00000,0x25c50000)]
  0x2577f400 JavaThread "Attach Listener" daemon [_thread_blocked, id=7512, stack(0x25b70000,0x25bc0000)]
  0x2577cc00 JavaThread "Signal Dispatcher" daemon [_thread_blocked, id=9264, stack(0x256f0000,0x25740000)]
  0x2576bc00 JavaThread "Finalizer" daemon [_thread_blocked, id=13320, stack(0x259e0000,0x25a30000)]
  0x25765c00 JavaThread "Reference Handler" daemon [_thread_blocked, id=12936, stack(0x25950000,0x259a0000)]

Other Threads:
  0x25750400 VMThread [stack: 0x04570000,0x045c0000] [id=12964]
  0x2578b800 WatcherThread [stack: 0x25d20000,0x25d70000] [id=10972]

VM state:synchronizing (normal execution)

VM Mutex/Monitor currently owned by a thread:  ([mutex/lock_event])
[0x005ed2b0] Threads_lock - owner thread: 0x25750400
[0x005ed8b8] Heap_lock - owner thread: 0x278c7c00

Heap:
 def new generation   total 157248K, used 157247K [0x04600000, 0x0f0a0000, 0x0f0a0000)
  eden space 139776K,  99% used [0x04600000, 0x0ce7fff8, 0x0ce80000)
  from space 17472K,  99% used [0x0df90000, 0x0f09ff08, 0x0f0a0000)
  to   space 17472K,   0% used [0x0ce80000, 0x0ce80000, 0x0df90000)
 tenured generation   total 349568K, used 349567K [0x0f0a0000, 0x24600000, 0x24600000)
   the space 349568K,  99% used [0x0f0a0000, 0x245ffff8, 0x24600000, 0x24600000)
 Metaspace       used 25612K, capacity 26169K, committed 26368K, reserved 27008K

Card table byte_map: [0x24600000,0x24710000] byte_map_base: 0x245dd000

Polling page: 0x006a0000

CodeCache: size=32768Kb used=2646Kb max_used=4907Kb free=30121Kb
 bounds [0x024f0000, 0x029c0000, 0x044f0000]
 total_blobs=1729 nmethods=1431 adapters=227
 compilation: enabled

Compilation events (10 events):
Event: 1501.893 Thread 0x25781000 nmethod 7323 0x026e0088 code [0x026e0200, 0x026e077c]
Event: 1501.893 Thread 0x25781000 7324             java.lang.Float::equals (33 bytes)
Event: 1501.893 Thread 0x25781000 nmethod 7324 0x025db888 code [0x025db980, 0x025dbae0]
Event: 1501.893 Thread 0x25781000 7325             java.text.BreakIterator$BreakIteratorCache::getLocale (5 bytes)
Event: 1501.893 Thread 0x25781000 nmethod 7325 0x025db6c8 code [0x025db7c0, 0x025db840]
Event: 1501.893 Thread 0x25781000 7326             java.text.BreakIterator$BreakIteratorCache::createBreakInstance (11 bytes)
Event: 1501.893 Thread 0x25781000 nmethod 7326 0x025db488 code [0x025db590, 0x025db64c]
Event: 1525.576 Thread 0x25781000 7327             java.lang.String::getChars (62 bytes)
Event: 1525.576 Thread 0x25781000 nmethod 7327 0x025daf48 code [0x025db080, 0x025db2a0]
Event: 1539.503 Thread 0x25781000 7328             sun.util.locale.provider.RuleBasedBreakIterator::readTables (413 bytes)

GC Heap History (10 events):
Event: 1540.428 GC heap before
{Heap before GC invocations=71 (full 42):
 def new generation   total 157248K, used 157248K [0x04600000, 0x0f0a0000, 0x0f0a0000)
  eden space 139776K, 100% used [0x04600000, 0x0ce80000, 0x0ce80000)
  from space 17472K, 100% used [0x0df90000, 0x0f0a0000, 0x0f0a0000)
  to   space 17472K,   0% used [0x0ce80000, 0x0ce80000, 0x0df90000)
 tenured generation   total 349568K, used 349568K [0x0f0a0000, 0x24600000, 0x24600000)
   the space 349568K, 100% used [0x0f0a0000, 0x24600000, 0x24600000, 0x24600000)
 Metaspace       used 25612K, capacity 26169K, committed 26368K, reserved 27008K
Event: 1541.276 GC heap after
Heap after GC invocations=72 (full 43):
 def new generation   total 157248K, used 157230K [0x04600000, 0x0f0a0000, 0x0f0a0000)
  eden space 139776K, 100% used [0x04600000, 0x0ce80000, 0x0ce80000)
  from space 17472K,  99% used [0x0df90000, 0x0f09b818, 0x0f0a0000)
  to   space 17472K,   0% used [0x0ce80000, 0x0ce80000, 0x0df90000)
 tenured generation   total 349568K, used 349568K [0x0f0a0000, 0x24600000, 0x24600000)
   the space 349568K, 100% used [0x0f0a0000, 0x24600000, 0x24600000, 0x24600000)
 Metaspace       used 25612K, capacity 26169K, committed 26368K, reserved 27008K
}
Event: 1541.276 GC heap before
{Heap before GC invocations=72 (full 43):
 def new generation   total 157248K, used 157248K [0x04600000, 0x0f0a0000, 0x0f0a0000)
  eden space 139776K, 100% used [0x04600000, 0x0ce80000, 0x0ce80000)
  from space 17472K, 100% used [0x0df90000, 0x0f0a0000, 0x0f0a0000)
  to   space 17472K,   0% used [0x0ce80000, 0x0ce80000, 0x0df90000)
 tenured generation   total 349568K, used 349568K [0x0f0a0000, 0x24600000, 0x24600000)
   the space 349568K, 100% used [0x0f0a0000, 0x24600000, 0x24600000, 0x24600000)
 Metaspace       used 25612K, capacity 26169K, committed 26368K, reserved 27008K
Event: 1542.422 GC heap after
Heap after GC invocations=73 (full 44):
 def new generation   total 157248K, used 157230K [0x04600000, 0x0f0a0000, 0x0f0a0000)
  eden space 139776K,  99% used [0x04600000, 0x0ce7fff8, 0x0ce80000)
  from space 17472K,  99% used [0x0df90000, 0x0f09b988, 0x0f0a0000)
  to   space 17472K,   0% used [0x0ce80000, 0x0ce80000, 0x0df90000)
 tenured generation   total 349568K, used 349567K [0x0f0a0000, 0x24600000, 0x24600000)
   the space 349568K,  99% used [0x0f0a0000, 0x245ffff8, 0x24600000, 0x24600000)
 Metaspace       used 25612K, capacity 26169K, committed 26368K, reserved 27008K
}
Event: 1542.422 GC heap before
{Heap before GC invocations=73 (full 44):
 def new generation   total 157248K, used 157247K [0x04600000, 0x0f0a0000, 0x0f0a0000)
  eden space 139776K,  99% used [0x04600000, 0x0ce7fff8, 0x0ce80000)
  from space 17472K,  99% used [0x0df90000, 0x0f09ff20, 0x0f0a0000)
  to   space 17472K,   0% used [0x0ce80000, 0x0ce80000, 0x0df90000)
 tenured generation   total 349568K, used 349567K [0x0f0a0000, 0x24600000, 0x24600000)
   the space 349568K,  99% used [0x0f0a0000, 0x245ffff8, 0x24600000, 0x24600000)
 Metaspace       used 25612K, capacity 26169K, committed 26368K, reserved 27008K
Event: 1543.284 GC heap after
Heap after GC invocations=74 (full 45):
 def new generation   total 157248K, used 157231K [0x04600000, 0x0f0a0000, 0x0f0a0000)
  eden space 139776K,  99% used [0x04600000, 0x0ce7fff8, 0x0ce80000)
  from space 17472K,  99% used [0x0df90000, 0x0f09bc70, 0x0f0a0000)
  to   space 17472K,   0% used [0x0ce80000, 0x0ce80000, 0x0df90000)
 tenured generation   total 349568K, used 349567K [0x0f0a0000, 0x24600000, 0x24600000)
   the space 349568K,  99% used [0x0f0a0000, 0x245ffff8, 0x24600000, 0x24600000)
 Metaspace       used 25612K, capacity 26169K, committed 26368K, reserved 27008K
}
Event: 1543.284 GC heap before
{Heap before GC invocations=74 (full 45):
 def new generation   total 157248K, used 157243K [0x04600000, 0x0f0a0000, 0x0f0a0000)
  eden space 139776K,  99% used [0x04600000, 0x0ce7fff8, 0x0ce80000)
  from space 17472K,  99% used [0x0df90000, 0x0f09ed30, 0x0f0a0000)
  to   space 17472K,   0% used [0x0ce80000, 0x0ce80000, 0x0df90000)
 tenured generation   total 349568K, used 349567K [0x0f0a0000, 0x24600000, 0x24600000)
   the space 349568K,  99% used [0x0f0a0000, 0x245ffff8, 0x24600000, 0x24600000)
 Metaspace       used 25612K, capacity 26169K, committed 26368K, reserved 27008K
Event: 1544.137 GC heap after
Heap after GC invocations=75 (full 46):
 def new generation   total 157248K, used 157217K [0x04600000, 0x0f0a0000, 0x0f0a0000)
  eden space 139776K,  99% used [0x04600000, 0x0ce7fff8, 0x0ce80000)
  from space 17472K,  99% used [0x0df90000, 0x0f098720, 0x0f0a0000)
  to   space 17472K,   0% used [0x0ce80000, 0x0ce80000, 0x0df90000)
 tenured generation   total 349568K, used 349567K [0x0f0a0000, 0x24600000, 0x24600000)
   the space 349568K,  99% used [0x0f0a0000, 0x245ffff8, 0x24600000, 0x24600000)
 Metaspace       used 25612K, capacity 26169K, committed 26368K, reserved 27008K
}
Event: 1544.137 GC heap before
{Heap before GC invocations=75 (full 46):
 def new generation   total 157248K, used 157217K [0x04600000, 0x0f0a0000, 0x0f0a0000)
  eden space 139776K,  99% used [0x04600000, 0x0ce7fff8, 0x0ce80000)
  from space 17472K,  99% used [0x0df90000, 0x0f098720, 0x0f0a0000)
  to   space 17472K,   0% used [0x0ce80000, 0x0ce80000, 0x0df90000)
 tenured generation   total 349568K, used 349567K [0x0f0a0000, 0x24600000, 0x24600000)
   the space 349568K,  99% used [0x0f0a0000, 0x245ffff8, 0x24600000, 0x24600000)
 Metaspace       used 25612K, capacity 26169K, committed 26368K, reserved 27008K
Event: 1544.995 GC heap after
Heap after GC invocations=76 (full 47):
 def new generation   total 157248K, used 157217K [0x04600000, 0x0f0a0000, 0x0f0a0000)
  eden space 139776K,  99% used [0x04600000, 0x0ce7fff8, 0x0ce80000)
  from space 17472K,  99% used [0x0df90000, 0x0f098720, 0x0f0a0000)
  to   space 17472K,   0% used [0x0ce80000, 0x0ce80000, 0x0df90000)
 tenured generation   total 349568K, used 349567K [0x0f0a0000, 0x24600000, 0x24600000)
   the space 349568K,  99% used [0x0f0a0000, 0x245ffff8, 0x24600000, 0x24600000)
 Metaspace       used 25612K, capacity 26169K, committed 26368K, reserved 27008K
}

Deoptimization events (0 events):
No events

Classes redefined (0 events):
No events

Internal exceptions (10 events):
Event: 916.520 Thread 0x29612800 Exception <a 'sun/nio/fs/WindowsException'> (0x05a8cbb8) thrown at [C:\workspace\8-2-build-windows-i586-cygwin\jdk8u191\11896\hotspot\src\share\vm\prims\jni.cpp, line 709]
Event: 916.523 Thread 0x29612800 Exception <a 'sun/nio/fs/WindowsException'> (0x05a9b4e0) thrown at [C:\workspace\8-2-build-windows-i586-cygwin\jdk8u191\11896\hotspot\src\share\vm\prims\jni.cpp, line 709]
Event: 916.523 Thread 0x29612800 Exception <a 'sun/nio/fs/WindowsException'> (0x05a9ba70) thrown at [C:\workspace\8-2-build-windows-i586-cygwin\jdk8u191\11896\hotspot\src\share\vm\prims\jni.cpp, line 709]
Event: 916.525 Thread 0x29612800 Exception <a 'sun/nio/fs/WindowsException'> (0x05aa6940) thrown at [C:\workspace\8-2-build-windows-i586-cygwin\jdk8u191\11896\hotspot\src\share\vm\prims\jni.cpp, line 709]
Event: 916.525 Thread 0x29612800 Exception <a 'sun/nio/fs/WindowsException'> (0x05aa6f10) thrown at [C:\workspace\8-2-build-windows-i586-cygwin\jdk8u191\11896\hotspot\src\share\vm\prims\jni.cpp, line 709]
Event: 916.528 Thread 0x29612800 Exception <a 'sun/nio/fs/WindowsException'> (0x05ac6a88) thrown at [C:\workspace\8-2-build-windows-i586-cygwin\jdk8u191\11896\hotspot\src\share\vm\prims\jni.cpp, line 709]
Event: 916.528 Thread 0x29612800 Exception <a 'sun/nio/fs/WindowsException'> (0x05ac7058) thrown at [C:\workspace\8-2-build-windows-i586-cygwin\jdk8u191\11896\hotspot\src\share\vm\prims\jni.cpp, line 709]
Event: 916.531 Thread 0x29612800 Exception <a 'sun/nio/fs/WindowsException'> (0x05ad3e98) thrown at [C:\workspace\8-2-build-windows-i586-cygwin\jdk8u191\11896\hotspot\src\share\vm\prims\jni.cpp, line 709]
Event: 916.531 Thread 0x29612800 Exception <a 'sun/nio/fs/WindowsException'> (0x05ad4428) thrown at [C:\workspace\8-2-build-windows-i586-cygwin\jdk8u191\11896\hotspot\src\share\vm\prims\jni.cpp, line 709]
Event: 1544.995 Thread 0x29613400 Exception <a 'java/lang/OutOfMemoryError'> (0x0f1310e8) thrown at [C:\workspace\8-2-build-windows-i586-cygwin\jdk8u191\11896\hotspot\src\share\vm\gc_interface/collectedHeap.inline.hpp, line 159]

Events (10 events):
Event: 1539.504 Executing VM operation: GenCollectForAllocation
Event: 1540.427 Executing VM operation: GenCollectForAllocation done
Event: 1540.428 Executing VM operation: GenCollectForAllocation
Event: 1541.276 Executing VM operation: GenCollectForAllocation done
Event: 1541.276 Executing VM operation: GenCollectForAllocation
Event: 1542.422 Executing VM operation: GenCollectForAllocation done
Event: 1542.422 Executing VM operation: GenCollectForAllocation
Event: 1543.284 Executing VM operation: GenCollectForAllocation done
Event: 1543.284 Executing VM operation: GenCollectForAllocation
Event: 1544.995 Executing VM operation: GenCollectForAllocation done


Dynamic libraries:
0x00ad0000 - 0x00b03000 	H:\software\arduino-nightly\java\bin\javaw.exe
0x776b0000 - 0x7784a000 	C:\WINDOWS\SYSTEM32\ntdll.dll
0x76ac0000 - 0x76ba0000 	C:\WINDOWS\System32\KERNEL32.DLL
0x75aa0000 - 0x75c9f000 	C:\WINDOWS\System32\KERNELBASE.dll
0x76920000 - 0x76999000 	C:\WINDOWS\System32\ADVAPI32.dll
0x75e20000 - 0x75edf000 	C:\WINDOWS\System32\msvcrt.dll
0x75f50000 - 0x75fc6000 	C:\WINDOWS\System32\sechost.dll
0x77230000 - 0x772eb000 	C:\WINDOWS\System32\RPCRT4.dll
0x74e70000 - 0x74e95000 	C:\WINDOWS\System32\SspiCli.dll
0x74e60000 - 0x74e6a000 	C:\WINDOWS\System32\CRYPTBASE.dll
0x75cf0000 - 0x75d4f000 	C:\WINDOWS\System32\bcryptPrimitives.dll
0x76c40000 - 0x76dd8000 	C:\WINDOWS\System32\USER32.dll
0x75f20000 - 0x75f37000 	C:\WINDOWS\System32\win32u.dll
0x74fd0000 - 0x74ff1000 	C:\WINDOWS\System32\GDI32.dll
0x750c0000 - 0x7521c000 	C:\WINDOWS\System32\gdi32full.dll
0x76a20000 - 0x76a9c000 	C:\WINDOWS\System32\msvcp_win.dll
0x75810000 - 0x75930000 	C:\WINDOWS\System32\ucrtbase.dll
0x6ea90000 - 0x6ec9f000 	C:\WINDOWS\WinSxS\x86_microsoft.windows.common-controls_6595b64144ccf1df_6.0.18362.1198_none_e62f422ef8d70235\COMCTL32.dll
0x77310000 - 0x77585000 	C:\WINDOWS\System32\combase.dll
0x75ee0000 - 0x75f05000 	C:\WINDOWS\System32\IMM32.DLL
0x6e460000 - 0x6e51f000 	H:\software\arduino-nightly\java\bin\msvcr100.dll
0x617b0000 - 0x61b83000 	H:\software\arduino-nightly\java\bin\client\jvm.dll
0x75a90000 - 0x75a96000 	C:\WINDOWS\System32\PSAPI.DLL
0x6ece0000 - 0x6ece8000 	C:\WINDOWS\SYSTEM32\WSOCK32.dll
0x6a850000 - 0x6a874000 	C:\WINDOWS\SYSTEM32\WINMM.dll
0x75060000 - 0x750be000 	C:\WINDOWS\System32\WS2_32.dll
0x749a0000 - 0x749a8000 	C:\WINDOWS\SYSTEM32\VERSION.dll
0x6a350000 - 0x6a373000 	C:\WINDOWS\SYSTEM32\WINMMBASE.dll
0x75d50000 - 0x75d8b000 	C:\WINDOWS\System32\cfgmgr32.dll
0x6ecb0000 - 0x6ece0000 	H:\software\arduino-nightly\java\bin\splashscreen.dll
0x6ea00000 - 0x6ea7a000 	C:\WINDOWS\system32\uxtheme.dll
0x6eca0000 - 0x6ecac000 	H:\software\arduino-nightly\java\bin\verify.dll
0x6e430000 - 0x6e452000 	H:\software\arduino-nightly\java\bin\java.dll
0x76710000 - 0x76813000 	C:\WINDOWS\System32\MSCTF.dll
0x76ba0000 - 0x76c32000 	C:\WINDOWS\System32\OLEAUT32.dll
0x6e410000 - 0x6e424000 	H:\software\arduino-nightly\java\bin\zip.dll
0x75f10000 - 0x75f1f000 	C:\WINDOWS\System32\kernel.appcore.dll
0x6e380000 - 0x6e404000 	C:\WINDOWS\System32\TextInputFramework.dll
0x69180000 - 0x69209000 	C:\WINDOWS\System32\CoreMessaging.dll
0x61550000 - 0x617ae000 	C:\WINDOWS\System32\CoreUIComponents.dll
0x76820000 - 0x768a4000 	C:\WINDOWS\System32\SHCORE.dll
0x69cb0000 - 0x69d8a000 	C:\WINDOWS\SYSTEM32\wintypes.dll
0x71eb0000 - 0x71ed9000 	C:\WINDOWS\SYSTEM32\ntmarta.dll
0x6d300000 - 0x6d52a000 	C:\WINDOWS\System32\iertutil.dll
0x68cc0000 - 0x68cc8000 	C:\Program Files (x86)\Internet Download Manager\idmmkb.dll
0x77590000 - 0x77687000 	C:\WINDOWS\System32\ole32.dll
0x76020000 - 0x7659b000 	C:\WINDOWS\System32\SHELL32.dll
0x75220000 - 0x757e1000 	C:\WINDOWS\System32\windows.storage.dll
0x757f0000 - 0x7580b000 	C:\WINDOWS\System32\profapi.dll
0x75ca0000 - 0x75ce3000 	C:\WINDOWS\System32\powrprof.dll
0x75f40000 - 0x75f4d000 	C:\WINDOWS\System32\UMPDC.dll
0x768d0000 - 0x76914000 	C:\WINDOWS\System32\shlwapi.dll
0x76a00000 - 0x76a13000 	C:\WINDOWS\System32\cryptsp.dll
0x26170000 - 0x261e3000 	H:\software\arduino-nightly\lib\listSerialsj.dll
0x76de0000 - 0x77229000 	C:\WINDOWS\System32\SETUPAPI.dll
0x768b0000 - 0x768c9000 	C:\WINDOWS\System32\bcrypt.dll
0x6e360000 - 0x6e37d000 	H:\software\arduino-nightly\lib\jnidispatch-4.2.2-win32-x86.dll
0x6e340000 - 0x6e355000 	H:\software\arduino-nightly\java\bin\net.dll
0x71ff0000 - 0x72042000 	C:\WINDOWS\system32\mswsock.dll
0x6e330000 - 0x6e33f000 	H:\software\arduino-nightly\java\bin\nio.dll
0x61400000 - 0x61547000 	H:\software\arduino-nightly\java\bin\awt.dll
0x6dfa0000 - 0x6e03f000 	C:\WINDOWS\SYSTEM32\apphelp.dll
0x6da60000 - 0x6da85000 	C:\WINDOWS\system32\DWMAPI.DLL
0x6df60000 - 0x6df99000 	H:\software\arduino-nightly\java\bin\fontmanager.dll
0x66fe0000 - 0x670df000 	C:\WINDOWS\system32\opengl32.dll
0x6df20000 - 0x6df5f000 	C:\WINDOWS\SYSTEM32\GLU32.dll
0x6a190000 - 0x6a1a9000 	C:\WINDOWS\SYSTEM32\dxcore.dll
0x62e90000 - 0x62ec2000 	H:\software\arduino-nightly\java\bin\t2k.dll
0x6d580000 - 0x6d58a000 	H:\software\arduino-nightly\java\bin\management.dll
0x682c0000 - 0x682d1000 	C:\WINDOWS\system32\napinsp.dll
0x682a0000 - 0x682b6000 	C:\WINDOWS\system32\pnrpnsp.dll
0x71f50000 - 0x71fe3000 	C:\WINDOWS\SYSTEM32\DNSAPI.dll
0x76aa0000 - 0x76aa7000 	C:\WINDOWS\System32\NSI.dll
0x74e00000 - 0x74e32000 	C:\WINDOWS\SYSTEM32\IPHLPAPI.DLL
0x68290000 - 0x6829b000 	C:\WINDOWS\System32\winrnr.dll
0x68ef0000 - 0x68f06000 	C:\WINDOWS\system32\NLAapi.dll
0x68280000 - 0x68290000 	C:\WINDOWS\system32\wshbth.dll
0x71ee0000 - 0x71f31000 	C:\WINDOWS\System32\fwpuclnt.dll
0x71f40000 - 0x71f48000 	C:\Windows\System32\rasadhlp.dll
0x6f0f0000 - 0x6f103000 	C:\WINDOWS\SYSTEM32\dhcpcsvc6.DLL
0x6f140000 - 0x6f155000 	C:\WINDOWS\SYSTEM32\dhcpcsvc.DLL
0x71e80000 - 0x71eaf000 	C:\WINDOWS\system32\rsaenh.dll
0x749b0000 - 0x749ce000 	C:\WINDOWS\SYSTEM32\USERENV.dll
0x6f110000 - 0x6f133000 	C:\WINDOWS\SYSTEM32\DEVOBJ.dll
0x75fd0000 - 0x76016000 	C:\WINDOWS\System32\WINTRUST.dll
0x76ab0000 - 0x76abe000 	C:\WINDOWS\System32\MSASN1.dll
0x75930000 - 0x75a2b000 	C:\WINDOWS\System32\CRYPT32.dll
0x69430000 - 0x69450000 	H:\software\arduino-nightly\java\bin\sunec.dll
0x6d570000 - 0x6d579000 	H:\software\arduino-nightly\java\bin\sunmscapi.dll
0x6ed10000 - 0x6ed79000 	H:\software\arduino-nightly\msvcp100.dll
0x61340000 - 0x613fe000 	H:\software\arduino-nightly\msvcr100.dll
0x284b0000 - 0x284e2000 	H:\software\arduino-nightly\lib\AStylej.dll
0x6e570000 - 0x6e594000 	H:\software\arduino-nightly\java\bin\dcpr.dll
0x74ea0000 - 0x74f20000 	C:\WINDOWS\System32\clbcatq.dll
0x69210000 - 0x69379000 	C:\WINDOWS\SYSTEM32\WindowsCodecs.dll
0x68450000 - 0x68481000 	C:\WINDOWS\system32\dataexchange.dll
0x682e0000 - 0x6844a000 	C:\WINDOWS\system32\dcomp.dll
0x6a480000 - 0x6a65e000 	C:\WINDOWS\system32\d3d11.dll
0x6a3b0000 - 0x6a471000 	C:\WINDOWS\system32\dxgi.dll
0x69710000 - 0x698f5000 	C:\WINDOWS\system32\twinapi.appcore.dll
0x6d550000 - 0x6d56f000 	C:\WINDOWS\system32\RMCLIENT.dll
0x64000000 - 0x6401b000 	H:\software\arduino-nightly\lib\jSSC-2.8_x86.dll
0x6e070000 - 0x6e1ff000 	C:\WINDOWS\SYSTEM32\dbghelp.dll

VM Arguments:
jvm_args: -Dsun.java2d.d3d=false -Djna.nosys=true -Djna.nounpack=true -Djna.boot.library.name=jnidispatch-4.2.2-win32-x86 -Djna.boot.library.path=H:\software\arduino-nightly/lib -Djssc.library.path=H:\software\arduino-nightly/lib -DAPP_DIR=H:\software\arduino-nightly -Xms128M -Xmx512M -Dfile.encoding=UTF8 -Djava.net.preferIPv4Stack=true 
java_command: processing.app.Base H:\fiverr\arduinoMyPractice\Wemos+website+firebase - Copy\sketch_dec03a\sketch_dec03a.ino
java_class_path (initial): H:\software\arduino-nightly\lib\apple.jar;H:\software\arduino-nightly\lib\arduino-core.jar;H:\software\arduino-nightly\lib\batik-1.8.jar;H:\software\arduino-nightly\lib\batik-anim-1.8.jar;H:\software\arduino-nightly\lib\batik-awt-util-1.8.jar;H:\software\arduino-nightly\lib\batik-bridge-1.8.jar;H:\software\arduino-nightly\lib\batik-codec-1.8.jar;H:\software\arduino-nightly\lib\batik-css-1.8.jar;H:\software\arduino-nightly\lib\batik-dom-1.8.jar;H:\software\arduino-nightly\lib\batik-ext-1.8.jar;H:\software\arduino-nightly\lib\batik-gvt-1.8.jar;H:\software\arduino-nightly\lib\batik-parser-1.8.jar;H:\software\arduino-nightly\lib\batik-rasterizer-1.8.jar;H:\software\arduino-nightly\lib\batik-script-1.8.jar;H:\software\arduino-nightly\lib\batik-squiggle-1.8.jar;H:\software\arduino-nightly\lib\batik-svg-dom-1.8.jar;H:\software\arduino-nightly\lib\batik-svgpp-1.8.jar;H:\software\arduino-nightly\lib\batik-transcoder-1.8.jar;H:\software\arduino-nightly\lib\batik-util-1.8.jar;H:\software\arduino-nightly\lib\batik-xml-1.8.jar;H:\software\arduino-nightly\lib\bcpg-jdk15on-152.jar;H:\software\arduino-nightly\lib\bcprov-jdk15on-152.jar;H:\software\arduino-nightly\lib\commons-codec-1.7.jar;H:\software\arduino-nightly\lib\commons-compress-1.8.jar;H:\software\arduino-nightly\lib\commons-exec-1.1.jar;H:\software\arduino-nightly\lib\commons-httpclient-3.1.jar;H:\software\arduino-nightly\lib\commons-lang3-3.8.1.jar;H:\software\arduino-nightly\lib\commons-logging-1.0.4.jar;H:\software\arduino-nightly\lib\commons-net-3.3.jar;H:\software\arduino-nightly\lib\commons-io-2.6.jar;H:\software\arduino-nightly\lib\jackson-annotations-2.9.5.jar;H:\software\arduino-nightly\lib\jackson-core-2.9.5.jar;H:\software\arduino-nightly\lib\jackson-databind-2.9.5.jar;H:\software\arduino-nightly\lib\java-semver-0.8.0.jar;H:\software\arduino-nightly\lib\jmdns-3.5.5.jar;H:\software\arduino-nightly\lib\jtouchbar-1.0.0.jar;H:\software\arduino-nightly\lib\log4j-api-2.12.0.jar;H:\softwar
Launcher Type: SUN_STANDARD

Environment Variables:
PATH=C:\WINDOWS\system32;C:\WINDOWS;C:\WINDOWS\System32\Wbem;C:\WINDOWS\System32\WindowsPowerShell\v1.0\;C:\WINDOWS\System32\OpenSSH\;C:\Program Files\Microsoft VS Code\bin;C:\Program Files\Git\cmd;C:\Program Files\nodejs\;C:\xampp\php;C:\ProgramData\ComposerSetup\bin;C:\Windows\System32\;D:\Software\runtime\win64;D:\Software\bin;C:\Users\appro\AppData\Local\Microsoft\WindowsApps;C:\Users\appro\AppData\Roaming\npm;C:\Program Files\heroku\bin;C:\Users\appro\AppData\Local\Programs\Python\Python37\Scripts;C:\Users\appro\AppData\Roaming\Composer\vendor\bin;C:\Windows\System32\;C:\Users\appro\AppData\Roaming\npm;;H:\software\arduino-nightly\java\bin
USERNAME=appro
OS=Windows_NT
PROCESSOR_IDENTIFIER=Intel64 Family 6 Model 58 Stepping 9, GenuineIntel



---------------  S Y S T E M  ---------------

OS: Windows 10.0 , 64 bit Build 18362 (10.0.18362.1110)

CPU:total 4 (initial active 4) (2 cores per cpu, 2 threads per core) family 6 model 58 stepping 9, cmov, cx8, fxsr, mmx, sse, sse2, sse3, ssse3, sse4.1, sse4.2, popcnt, avx, aes, clmul, erms, ht, tsc, tscinvbit, tscinv

Memory: 4k page, physical 8254744k(3086988k free), swap 14284056k(6752032k free)

vm_info: Java HotSpot(TM) Client VM (25.191-b12) for windows-x86 JRE (1.8.0_191-b12), built on Oct  6 2018 08:34:23 by "java_re" with MS VC++ 10.0 (VS2010)

time: Fri Dec 04 21:07:36 2020
elapsed time: 1545 seconds (0d 0h 25m 45s)

